0 info it worked if it ends with ok
1 verbose cli [ 'node', '/usr/local/bin/npm', 'run', 'massimport' ]
2 info using npm@2.7.4
3 info using node@v0.12.2
4 verbose run-script [ 'premassimport', 'massimport', 'postmassimport' ]
5 info premassimport hubapi@0.0.0
6 info massimport hubapi@0.0.0
7 verbose unsafe-perm in lifecycle true
8 info hubapi@0.0.0 Failed to exec massimport script
9 verbose stack Error: hubapi@0.0.0 massimport: `node ./bin/massimport`
9 verbose stack Exit status 1
9 verbose stack     at EventEmitter.<anonymous> (/usr/local/lib/node_modules/npm/lib/utils/lifecycle.js:213:16)
9 verbose stack     at EventEmitter.emit (events.js:110:17)
9 verbose stack     at ChildProcess.<anonymous> (/usr/local/lib/node_modules/npm/lib/utils/spawn.js:14:12)
9 verbose stack     at ChildProcess.emit (events.js:110:17)
9 verbose stack     at maybeClose (child_process.js:1015:16)
9 verbose stack     at Process.ChildProcess._handle.onexit (child_process.js:1087:5)
10 verbose pkgid hubapi@0.0.0
11 verbose cwd /Users/deldy/code/play/devdk/api
12 error Darwin 14.3.0
13 error argv "node" "/usr/local/bin/npm" "run" "massimport"
14 error node v0.12.2
15 error npm  v2.7.4
16 error code ELIFECYCLE
17 error hubapi@0.0.0 massimport: `node ./bin/massimport`
17 error Exit status 1
18 error Failed at the hubapi@0.0.0 massimport script 'node ./bin/massimport'.
18 error This is most likely a problem with the hubapi package,
18 error not with npm itself.
18 error Tell the author that this fails on your system:
18 error     node ./bin/massimport
18 error You can get their info via:
18 error     npm owner ls hubapi
18 error There is likely additional logging output above.
19 verbose exit [ 1, true ]
